<?xml version="1.0" encoding="UTF-8"?>
<testsuite name="ProfolioApplication.UserPortfoliolistPortfolioAssetsByNameTest" tests="1" skipped="0" failures="0" errors="0" timestamp="2022-04-15T12:57:25" hostname="DESKTOP-1U3SJQB" time="0.008">
  <properties/>
  <testcase name="getPortfolioAssetsByName_WithValidNames_ReturnsPortfolioAssetsByNameSize" classname="ProfolioApplication.UserPortfoliolistPortfolioAssetsByNameTest" time="0.008"/>
  <system-out><![CDATA[

]]></system-out>
  <system-err><![CDATA[]]></system-err>
</testsuite>
